<?xml version="1.0" encoding="UTF-8"?>
<testsuite xmlns:xsi="http://www.w3.org/2001/XMLSchema-instance" xsi:noNamespaceSchemaLocation="https://maven.apache.org/surefire/maven-surefire-plugin/xsd/surefire-test-report-3.0.xsd" version="3.0" name="com.backend.golvia.GolviaApplicationTests" time="2.09" tests="1" errors="0" skipped="0" failures="0">
  <properties>
[...]
</properties>
  <testcase name="contextLoads" classname="com.backend.golvia.GolviaApplicationTests" time="0.238">
    <system-out><![CDATA[19:43:26.449 [main] INFO org.springframework.test.context.support.AnnotationConfigContextLoaderUtils -- Could not detect default configuration classes for test class [com.backend.golvia.GolviaApplicationTests]: GolviaApplicationTests does not declare any static, non-private, non-final, nested classes annotated with @Configuration.
19:43:26.491 [main] INFO org.springframework.boot.test.context.SpringBootTestContextBootstrapper -- Found @SpringBootConfiguration com.backend.golvia.GolviaApplication for test class com.backend.golvia.GolviaApplicationTests
19:43:26.548 [main] INFO org.springframework.boot.devtools.restart.RestartApplicationListener -- Restart disabled due to context in which it is running

  .   ____          _            __ _ _
 /\\ / ___'_ __ _ _(_)_ __  __ _ \ \ \ \
( ( )\___ | '_ | '_| | '_ \/ _` | \ \ \ \
 \\/  ___)| |_)| | | | | || (_| |  ) ) ) )
  '  |____| .__|_| |_|_| |_\__, | / / / /
 =========|_|==============|___/=/_/_/_/

 :: Spring Boot ::                (v3.3.3)

2024-10-21T19:43:26.639Z  INFO 78369 --- [golvia] [           main] c.backend.golvia.GolviaApplicationTests  : Starting GolviaApplicationTests using Java 17.0.10 with PID 78369 (started by frederick.sallah in /Applications/java_projects/golvia-backend)
2024-10-21T19:43:26.640Z  INFO 78369 --- [golvia] [           main] c.backend.golvia.GolviaApplicationTests  : No active profile set, falling back to 1 default profile: "default"
2024-10-21T19:43:26.885Z  INFO 78369 --- [golvia] [           main] .s.d.r.c.RepositoryConfigurationDelegate : Bootstrapping Spring Data JPA repositories in DEFAULT mode.
2024-10-21T19:43:26.915Z  INFO 78369 --- [golvia] [           main] .s.d.r.c.RepositoryConfigurationDelegate : Finished Spring Data repository scanning in 23 ms. Found 3 JPA repository interfaces.
2024-10-21T19:43:27.095Z  INFO 78369 --- [golvia] [           main] o.hibernate.jpa.internal.util.LogHelper  : HHH000204: Processing PersistenceUnitInfo [name: default]
2024-10-21T19:43:27.120Z  INFO 78369 --- [golvia] [           main] org.hibernate.Version                    : HHH000412: Hibernate ORM core version 6.5.2.Final
2024-10-21T19:43:27.135Z  INFO 78369 --- [golvia] [           main] o.h.c.internal.RegionFactoryInitiator    : HHH000026: Second-level cache disabled
2024-10-21T19:43:27.255Z  INFO 78369 --- [golvia] [           main] o.s.o.j.p.SpringPersistenceUnitInfo      : No LoadTimeWeaver setup: ignoring JPA class transformer
2024-10-21T19:43:27.273Z  INFO 78369 --- [golvia] [           main] com.zaxxer.hikari.HikariDataSource       : HikariPool-1 - Starting...
2024-10-21T19:43:27.447Z  INFO 78369 --- [golvia] [           main] com.zaxxer.hikari.pool.HikariPool        : HikariPool-1 - Added connection com.mysql.cj.jdbc.ConnectionImpl@3eb9c575
2024-10-21T19:43:27.448Z  INFO 78369 --- [golvia] [           main] com.zaxxer.hikari.HikariDataSource       : HikariPool-1 - Start completed.
2024-10-21T19:43:27.470Z  WARN 78369 --- [golvia] [           main] org.hibernate.orm.deprecation            : HHH90000025: MySQL8Dialect does not need to be specified explicitly using 'hibernate.dialect' (remove the property setting and it will be selected by default)
2024-10-21T19:43:27.470Z  WARN 78369 --- [golvia] [           main] org.hibernate.orm.deprecation            : HHH90000026: MySQL8Dialect has been deprecated; use org.hibernate.dialect.MySQLDialect instead
2024-10-21T19:43:27.861Z  INFO 78369 --- [golvia] [           main] o.h.e.t.j.p.i.JtaPlatformInitiator       : HHH000489: No JTA platform available (set 'hibernate.transaction.jta.platform' to enable JTA platform integration)
2024-10-21T19:43:27.888Z  INFO 78369 --- [golvia] [           main] j.LocalContainerEntityManagerFactoryBean : Initialized JPA EntityManagerFactory for persistence unit 'default'
2024-10-21T19:43:28.019Z  INFO 78369 --- [golvia] [           main] o.s.d.j.r.query.QueryEnhancerFactory     : Hibernate is in classpath; If applicable, HQL parser will be used.
2024-10-21T19:43:28.084Z  WARN 78369 --- [golvia] [           main] JpaBaseConfiguration$JpaWebConfiguration : spring.jpa.open-in-view is enabled by default. Therefore, database queries may be performed during view rendering. Explicitly configure spring.jpa.open-in-view to disable this warning
2024-10-21T19:43:28.225Z  INFO 78369 --- [golvia] [           main] c.backend.golvia.GolviaApplicationTests  : Started GolviaApplicationTests in 1.681 seconds (process running for 2.046)
]]></system-out>
  </testcase>
</testsuite>